<?xml version="1.0" encoding="UTF-8"?>
<!-- Generated by org.testng.reporters.JUnitReportReporter -->
<testsuite hostname="A-2004877" name="myTestPackage.HelloTest" tests="1" failures="0" timestamp="15 Feb 2018 15:57:39 GMT" time="0.000" errors="0">
  <testcase name="testDoFakeTest" time="0.000" classname="myTestPackage.HelloTest"/>
</testsuite> <!-- myTestPackage.HelloTest -->
